<?xml version="1.0" encoding="UTF-8"?>
<TestRun id="d8eed43a-c503-49a1-b8ad-1b9b09f6e9b5" name="Ajit@AJIT-PC 2012-07-13 01:52:09" runUser="Ajit-PC\Ajit" xmlns="http://microsoft.com/schemas/VisualStudio/TeamTest/2010">
  <TestSettings name="Local" id="e2128a61-3a94-4c7e-8c82-791cdc2b204d">
    <Description>These are default test settings for a local test run.</Description>
    <Deployment userDeploymentRoot="D:\ajit\RND\Traffective.Tracking\TestResults" useDefaultDeploymentRoot="false" enabled="false" runDeploymentRoot="Ajit_AJIT-PC 2012-07-13 01_52_09">
      <DeploymentItem filename="D:\ajit\RND\Traffective.Tracking\packages\Iesi.Collections.3.2.0.4000\lib\Net35\Iesi.Collections.dll" />
      <DeploymentItem filename="D:\ajit\RND\Traffective.Tracking\Traffective.Contracts\bin\Debug\Traffective.Contracts.dll" />
      <DeploymentItem filename="D:\ajit\RND\Traffective.Tracking\packages\Castle.Activerecord.3.0.0.1\lib\Net40\Castle.ActiveRecord.Web.dll" />
      <DeploymentItem filename="D:\ajit\RND\Traffective.Tracking\packages\Castle.Activerecord.3.0.0.1\lib\Net40\NHibernate.Search.dll" />
      <DeploymentItem filename="D:\ajit\RND\Traffective.Tracking\packages\Castle.Components.Validator.2.5.0\lib\NET40\Castle.Components.Validator.dll" />
      <DeploymentItem filename="D:\ajit\RND\Traffective.Tracking\Traffective.Data\bin\Debug\Traffective.Data.dll" />
      <DeploymentItem filename="D:\ajit\RND\Traffective.Tracking\packages\Castle.Core.3.0.0.4001\lib\net40-client\Castle.Core.dll" />
      <DeploymentItem filename="D:\ajit\RND\Traffective.Tracking\packages\NHibernate.3.3.1.4000\lib\Net35\NHibernate.dll" />
      <DeploymentItem filename="D:\ajit\RND\Traffective.Tracking\packages\Castle.Activerecord.3.0.0.1\lib\Net40\Castle.ActiveRecord.dll" />
    </Deployment>
    <Execution>
      <TestTypeSpecific />
      <AgentRule name="Execution Agents">
      </AgentRule>
    </Execution>
  </TestSettings>
  <Times creation="2012-07-13T01:52:09.3487703+02:00" queuing="2012-07-13T01:52:09.3797720+02:00" start="2012-07-13T01:52:09.3867724+02:00" finish="2012-07-13T01:52:11.1238718+02:00" />
  <ResultSummary outcome="Failed">
    <Counters total="1" executed="1" error="0" failed="1" timeout="0" aborted="0" inconclusive="0" passedButRunAborted="0" notRunnable="0" notExecuted="0" disconnected="0" warning="0" passed="0" completed="0" inProgress="0" pending="0" />
  </ResultSummary>
  <TestDefinitions>
    <UnitTest name="ClickTest" storage="d:\ajit\rnd\traffective.tracking\traffective.data.tests\bin\debug\traffective.data.tests.dll" id="24ea5fbe-6784-0ed2-bbaa-dbbcbfe03d8e">
      <Execution id="aa57c024-7ec0-4be1-9867-ff0a156f59db" />
      <TestMethod codeBase="D:/ajit/RND/Traffective.Tracking/Traffective.Data.Tests/bin/Debug/Traffective.Data.Tests.DLL" adapterTypeName="Microsoft.VisualStudio.TestTools.TestTypes.Unit.UnitTestAdapter, Microsoft.VisualStudio.QualityTools.Tips.UnitTest.Adapter, Version=10.0.0.0, Culture=neutral, PublicKeyToken=b03f5f7f11d50a3a" className="Traffective.Data.Tests.TrackingTest, Traffective.Data.Tests, Version=1.0.0.0, Culture=neutral, PublicKeyToken=null" name="ClickTest" />
    </UnitTest>
  </TestDefinitions>
  <TestLists>
    <TestList name="Results Not in a List" id="8c84fa94-04c1-424b-9868-57a2d4851a1d" />
    <TestList name="All Loaded Results" id="19431567-8539-422a-85d7-44ee4e166bda" />
  </TestLists>
  <TestEntries>
    <TestEntry testId="24ea5fbe-6784-0ed2-bbaa-dbbcbfe03d8e" executionId="aa57c024-7ec0-4be1-9867-ff0a156f59db" testListId="8c84fa94-04c1-424b-9868-57a2d4851a1d" />
  </TestEntries>
  <Results>
    <UnitTestResult executionId="aa57c024-7ec0-4be1-9867-ff0a156f59db" testId="24ea5fbe-6784-0ed2-bbaa-dbbcbfe03d8e" testName="ClickTest" computerName="AJIT-PC" startTime="2012-07-13T01:52:09.3897726+02:00" endTime="2012-07-13T01:52:10.6968474+02:00" testType="13cdc9d9-ddb5-4fa4-a97d-d965ccfc6d4b" outcome="Failed" testListId="8c84fa94-04c1-424b-9868-57a2d4851a1d" relativeResultsDirectory="aa57c024-7ec0-4be1-9867-ff0a156f59db">
      <Output>
        <ErrorInfo>
          <Message>Class Initialization method Traffective.Data.Tests.TrackingTest.MyClassInitialize threw exception. Castle.ActiveRecord.Framework.ActiveRecordException: Castle.ActiveRecord.Framework.ActiveRecordException: Could not create the schema ---&gt; NHibernate.MappingException: Could not determine type for: uniqueidentifier, for columns: NHibernate.Mapping.Column(FingerPrintId).</Message>
          <StackTrace>    at NHibernate.Mapping.SimpleValue.get_Type()
   at NHibernate.Mapping.Column.GetSqlTypeCode(IMapping mapping)
   at NHibernate.Mapping.Column.GetDialectTypeName(Dialect dialect, IMapping mapping)
   at NHibernate.Mapping.Table.SqlCreateString(Dialect dialect, IMapping p, String defaultCatalog, String defaultSchema)
   at NHibernate.Cfg.Configuration.GenerateSchemaCreationScript(Dialect dialect)
   at NHibernate.Tool.hbm2ddl.SchemaExport.Initialize()
   at NHibernate.Tool.hbm2ddl.SchemaExport.Execute(Action`1 scriptAction, Boolean export, Boolean justDrop)
   at Castle.ActiveRecord.ActiveRecordStarter.CreateSchema()
 --- End of inner exception stack trace ---
    at Castle.ActiveRecord.ActiveRecordStarter.CreateSchema()
   at Traffective.Data.Helpers.PersistenceHelper.CreateDbSchema() in D:\ajit\RND\Traffective.Tracking\Traffective.Data\Helpers\PersistenceHelper.cs:line 33
   at Traffective.Data.Tests.TrackingTest.MyClassInitialize(TestContext testContext) in D:\ajit\RND\Traffective.Tracking\Traffective.Data.Tests\TrackingTest.cs:line 46
</StackTrace>
        </ErrorInfo>
      </Output>
    </UnitTestResult>
  </Results>
</TestRun>